# JRE version: OpenJDK Runtime Environment Microsoft-7208460 (11.0.18+10) (build 11.0.18+10-LTS)
# Java VM: OpenJDK 64-Bit Server VM Microsoft-7208460 (11.0.18+10-LTS, mixed mode, tiered, compressed oops, g1 gc, windows-amd64)
Heap:
 garbage-first heap   total 354304K, used 160732K [0x0000000080000000, 0x0000000100000000)
  region size 1024K, 5 young (5120K), 5 survivors (5120K)
 Metaspace       used 104623K, capacity 108911K, committed 109064K, reserved 610304K
  class space    used 13800K, capacity 15498K, committed 15616K, reserved 516096K
GC Heap History (20 events):
Event: 59.926 GC heap after
{Heap after GC invocations=40 (full 0):
 garbage-first heap   total 155648K, used 133827K [0x0000000080000000, 0x0000000100000000)
  region size 1024K, 1 young (1024K), 1 survivors (1024K)
 Metaspace       used 95807K, capacity 99068K, committed 99208K, reserved 602112K
  class space    used 12599K, capacity 13911K, committed 13952K, reserved 516096K
}
Event: 59.970 GC heap before
{Heap before GC invocations=41 (full 0):
 garbage-first heap   total 155648K, used 139971K [0x0000000080000000, 0x0000000100000000)
  region size 1024K, 7 young (7168K), 1 survivors (1024K)
 Metaspace       used 95866K, capacity 99202K, committed 99464K, reserved 602112K
  class space    used 12608K, capacity 13913K, committed 13952K, reserved 516096K
}
Event: 59.973 GC heap after
{Heap after GC invocations=42 (full 0):
 garbage-first heap   total 155648K, used 134418K [0x0000000080000000, 0x0000000100000000)
  region size 1024K, 1 young (1024K), 1 survivors (1024K)
 Metaspace       used 95866K, capacity 99202K, committed 99464K, reserved 602112K
  class space    used 12608K, capacity 13913K, committed 13952K, reserved 516096K
}
Event: 60.032 GC heap before
{Heap before GC invocations=42 (full 0):
 garbage-first heap   total 155648K, used 140562K [0x0000000080000000, 0x0000000100000000)
  region size 1024K, 7 young (7168K), 1 survivors (1024K)
 Metaspace       used 95981K, capacity 99348K, committed 99464K, reserved 602112K
  class space    used 12623K, capacity 13918K, committed 13952K, reserved 516096K
}
Event: 60.036 GC heap after
{Heap after GC invocations=43 (full 0):
 garbage-first heap   total 187392K, used 135274K [0x0000000080000000, 0x0000000100000000)
  region size 1024K, 1 young (1024K), 1 survivors (1024K)
 Metaspace       used 95981K, capacity 99348K, committed 99464K, reserved 602112K
  class space    used 12623K, capacity 13918K, committed 13952K, reserved 516096K
}
Event: 60.260 GC heap before
{Heap before GC invocations=44 (full 0):
 garbage-first heap   total 187392K, used 148586K [0x0000000080000000, 0x0000000100000000)
  region size 1024K, 14 young (14336K), 1 survivors (1024K)
 Metaspace       used 96630K, capacity 99988K, committed 100104K, reserved 604160K
  class space    used 12707K, capacity 14032K, committed 14080K, reserved 516096K
}
Event: 60.263 GC heap after
{Heap after GC invocations=45 (full 0):
 garbage-first heap   total 187392K, used 136680K [0x0000000080000000, 0x0000000100000000)
  region size 1024K, 2 young (2048K), 2 survivors (2048K)
 Metaspace       used 96630K, capacity 99988K, committed 100104K, reserved 604160K
  class space    used 12707K, capacity 14032K, committed 14080K, reserved 516096K
}
Event: 60.452 GC heap before
{Heap before GC invocations=45 (full 0):
 garbage-first heap   total 187392K, used 151016K [0x0000000080000000, 0x0000000100000000)
  region size 1024K, 16 young (16384K), 2 survivors (2048K)
 Metaspace       used 96988K, capacity 100558K, committed 100744K, reserved 604160K
  class space    used 12759K, capacity 14168K, committed 14208K, reserved 516096K
}
Event: 60.461 GC heap after
{Heap after GC invocations=46 (full 0):
 garbage-first heap   total 187392K, used 141045K [0x0000000080000000, 0x0000000100000000)
  region size 1024K, 2 young (2048K), 2 survivors (2048K)
 Metaspace       used 96988K, capacity 100558K, committed 100744K, reserved 604160K
  class space    used 12759K, capacity 14168K, committed 14208K, reserved 516096K
}
Event: 60.715 GC heap before
{Heap before GC invocations=47 (full 0):
 garbage-first heap   total 187392K, used 154357K [0x0000000080000000, 0x0000000100000000)
  region size 1024K, 15 young (15360K), 2 survivors (2048K)
 Metaspace       used 97288K, capacity 101033K, committed 101128K, reserved 604160K
  class space    used 12799K, capacity 14266K, committed 14336K, reserved 516096K
}
Event: 60.723 GC heap after
{Heap after GC invocations=48 (full 0):
 garbage-first heap   total 187392K, used 145408K [0x0000000080000000, 0x0000000100000000)
  region size 1024K, 2 young (2048K), 2 survivors (2048K)
 Metaspace       used 97288K, capacity 101033K, committed 101128K, reserved 604160K
  class space    used 12799K, capacity 14266K, committed 14336K, reserved 516096K
}
Event: 60.839 GC heap before
{Heap before GC invocations=48 (full 0):
 garbage-first heap   total 187392K, used 155648K [0x0000000080000000, 0x0000000100000000)
  region size 1024K, 13 young (13312K), 2 survivors (2048K)
 Metaspace       used 97389K, capacity 101228K, committed 101384K, reserved 604160K
  class space    used 12811K, capacity 14307K, committed 14336K, reserved 516096K
}
Event: 60.846 GC heap after
{Heap after GC invocations=49 (full 0):
 garbage-first heap   total 263168K, used 146537K [0x0000000080000000, 0x0000000100000000)
  region size 1024K, 1 young (1024K), 1 survivors (1024K)
 Metaspace       used 97389K, capacity 101228K, committed 101384K, reserved 604160K
  class space    used 12811K, capacity 14307K, committed 14336K, reserved 516096K
}
Event: 61.303 GC heap before
{Heap before GC invocations=50 (full 0):
 garbage-first heap   total 263168K, used 182377K [0x0000000080000000, 0x0000000100000000)
  region size 1024K, 33 young (33792K), 1 survivors (1024K)
 Metaspace       used 98059K, capacity 102020K, committed 102152K, reserved 604160K
  class space    used 12937K, capacity 14529K, committed 14592K, reserved 516096K
}
Event: 61.310 GC heap after
{Heap after GC invocations=51 (full 0):
 garbage-first heap   total 263168K, used 154153K [0x0000000080000000, 0x0000000100000000)
  region size 1024K, 5 young (5120K), 5 survivors (5120K)
 Metaspace       used 98059K, capacity 102020K, committed 102152K, reserved 604160K
  class space    used 12937K, capacity 14529K, committed 14592K, reserved 516096K
}
Event: 61.874 GC heap before
{Heap before GC invocations=51 (full 0):
 garbage-first heap   total 263168K, used 186921K [0x0000000080000000, 0x0000000100000000)
  region size 1024K, 37 young (37888K), 5 survivors (5120K)
 Metaspace       used 100923K, capacity 105032K, committed 105096K, reserved 608256K
  class space    used 13279K, capacity 14912K, committed 14976K, reserved 516096K
}
Event: 61.887 GC heap after
{Heap after GC invocations=52 (full 0):
 garbage-first heap   total 263168K, used 156724K [0x0000000080000000, 0x0000000100000000)
  region size 1024K, 3 young (3072K), 3 survivors (3072K)
 Metaspace       used 100923K, capacity 105032K, committed 105096K, reserved 608256K
  class space    used 13279K, capacity 14912K, committed 14976K, reserved 516096K
}
Event: 62.515 GC heap before
{Heap before GC invocations=53 (full 0):
 garbage-first heap   total 263168K, used 191540K [0x0000000080000000, 0x0000000100000000)
  region size 1024K, 37 young (37888K), 3 survivors (3072K)
 Metaspace       used 102563K, capacity 106827K, committed 106888K, reserved 608256K
  class space    used 13535K, capacity 15219K, committed 15232K, reserved 516096K
}
Event: 62.524 GC heap after
{Heap after GC invocations=54 (full 0):
 garbage-first heap   total 263168K, used 158399K [0x0000000080000000, 0x0000000100000000)
  region size 1024K, 5 young (5120K), 5 survivors (5120K)
 Metaspace       used 102563K, capacity 106827K, committed 106888K, reserved 608256K
  class space    used 13535K, capacity 15219K, committed 15232K, reserved 516096K
}
Event: 63.039 GC heap before
{Heap before GC invocations=54 (full 0):
 garbage-first heap   total 263168K, used 195263K [0x0000000080000000, 0x0000000100000000)
  region size 1024K, 41 young (41984K), 5 survivors (5120K)
 Metaspace       used 104623K, capacity 108911K, committed 109064K, reserved 610304K
  class space    used 13800K, capacity 15498K, committed 15616K, reserved 516096K
}

