# JRE version: OpenJDK Runtime Environment Microsoft-7208460 (11.0.18+10) (build 11.0.18+10-LTS)
# Java VM: OpenJDK 64-Bit Server VM Microsoft-7208460 (11.0.18+10-LTS, mixed mode, tiered, compressed oops, g1 gc, windows-amd64)
Heap:
 garbage-first heap   total 173056K, used 86179K [0x0000000080000000, 0x0000000100000000)
  region size 1024K, 14 young (14336K), 6 survivors (6144K)
 Metaspace       used 84555K, capacity 86969K, committed 87304K, reserved 591872K
  class space    used 10936K, capacity 11931K, committed 12032K, reserved 516096K
GC Heap History (20 events):
Event: 7.457 GC heap before
{Heap before GC invocations=6 (full 0):
 garbage-first heap   total 129024K, used 50558K [0x0000000080000000, 0x0000000100000000)
  region size 1024K, 34 young (34816K), 5 survivors (5120K)
 Metaspace       used 35001K, capacity 35818K, committed 35920K, reserved 548864K
  class space    used 4483K, capacity 4812K, committed 4864K, reserved 516096K
}
Event: 7.466 GC heap after
{Heap after GC invocations=7 (full 0):
 garbage-first heap   total 129024K, used 24140K [0x0000000080000000, 0x0000000100000000)
  region size 1024K, 7 young (7168K), 7 survivors (7168K)
 Metaspace       used 35001K, capacity 35818K, committed 35920K, reserved 548864K
  class space    used 4483K, capacity 4812K, committed 4864K, reserved 516096K
}
Event: 8.540 GC heap before
{Heap before GC invocations=8 (full 0):
 garbage-first heap   total 129024K, used 84556K [0x0000000080000000, 0x0000000100000000)
  region size 1024K, 64 young (65536K), 7 survivors (7168K)
 Metaspace       used 40738K, capacity 41728K, committed 41936K, reserved 552960K
  class space    used 5114K, capacity 5497K, committed 5504K, reserved 516096K
}
Event: 8.554 GC heap after
{Heap after GC invocations=9 (full 0):
 garbage-first heap   total 129024K, used 29144K [0x0000000080000000, 0x0000000100000000)
  region size 1024K, 8 young (8192K), 8 survivors (8192K)
 Metaspace       used 40738K, capacity 41728K, committed 41936K, reserved 552960K
  class space    used 5114K, capacity 5497K, committed 5504K, reserved 516096K
}
Event: 19.648 GC heap before
{Heap before GC invocations=10 (full 0):
 garbage-first heap   total 129024K, used 88536K [0x0000000080000000, 0x0000000100000000)
  region size 1024K, 65 young (66560K), 8 survivors (8192K)
 Metaspace       used 44407K, capacity 45586K, committed 45904K, reserved 557056K
  class space    used 5562K, capacity 6066K, committed 6144K, reserved 516096K
}
Event: 19.657 GC heap after
{Heap after GC invocations=11 (full 0):
 garbage-first heap   total 173056K, used 32354K [0x0000000080000000, 0x0000000100000000)
  region size 1024K, 8 young (8192K), 8 survivors (8192K)
 Metaspace       used 44407K, capacity 45586K, committed 45904K, reserved 557056K
  class space    used 5562K, capacity 6066K, committed 6144K, reserved 516096K
}
Event: 20.633 GC heap before
{Heap before GC invocations=11 (full 0):
 garbage-first heap   total 173056K, used 108130K [0x0000000080000000, 0x0000000100000000)
  region size 1024K, 82 young (83968K), 8 survivors (8192K)
 Metaspace       used 50093K, capacity 51465K, committed 51664K, reserved 561152K
  class space    used 6427K, capacity 6994K, committed 7040K, reserved 516096K
}
Event: 20.641 GC heap after
{Heap after GC invocations=12 (full 0):
 garbage-first heap   total 173056K, used 35337K [0x0000000080000000, 0x0000000100000000)
  region size 1024K, 7 young (7168K), 7 survivors (7168K)
 Metaspace       used 50093K, capacity 51465K, committed 51664K, reserved 561152K
  class space    used 6427K, capacity 6994K, committed 7040K, reserved 516096K
}
Event: 21.907 GC heap before
{Heap before GC invocations=12 (full 0):
 garbage-first heap   total 173056K, used 125449K [0x0000000080000000, 0x0000000100000000)
  region size 1024K, 89 young (91136K), 7 survivors (7168K)
 Metaspace       used 57557K, capacity 59165K, committed 59216K, reserved 567296K
  class space    used 7467K, capacity 8157K, committed 8192K, reserved 516096K
}
Event: 21.916 GC heap after
{Heap after GC invocations=13 (full 0):
 garbage-first heap   total 173056K, used 47073K [0x0000000080000000, 0x0000000100000000)
  region size 1024K, 9 young (9216K), 9 survivors (9216K)
 Metaspace       used 57557K, capacity 59165K, committed 59216K, reserved 567296K
  class space    used 7467K, capacity 8157K, committed 8192K, reserved 516096K
}
Event: 22.851 GC heap before
{Heap before GC invocations=13 (full 0):
 garbage-first heap   total 173056K, used 123873K [0x0000000080000000, 0x0000000100000000)
  region size 1024K, 84 young (86016K), 9 survivors (9216K)
 Metaspace       used 63452K, capacity 65242K, committed 65488K, reserved 573440K
  class space    used 8235K, capacity 8988K, committed 9088K, reserved 516096K
}
Event: 22.861 GC heap after
{Heap after GC invocations=14 (full 0):
 garbage-first heap   total 173056K, used 50616K [0x0000000080000000, 0x0000000100000000)
  region size 1024K, 9 young (9216K), 9 survivors (9216K)
 Metaspace       used 63452K, capacity 65242K, committed 65488K, reserved 573440K
  class space    used 8235K, capacity 8988K, committed 9088K, reserved 516096K
}
Event: 23.915 GC heap before
{Heap before GC invocations=14 (full 0):
 garbage-first heap   total 173056K, used 120248K [0x0000000080000000, 0x0000000100000000)
  region size 1024K, 78 young (79872K), 9 survivors (9216K)
 Metaspace       used 67841K, capacity 69754K, committed 69896K, reserved 577536K
  class space    used 8831K, capacity 9668K, committed 9728K, reserved 516096K
}
Event: 23.931 GC heap after
{Heap after GC invocations=15 (full 0):
 garbage-first heap   total 173056K, used 54358K [0x0000000080000000, 0x0000000100000000)
  region size 1024K, 8 young (8192K), 8 survivors (8192K)
 Metaspace       used 67841K, capacity 69754K, committed 69896K, reserved 577536K
  class space    used 8831K, capacity 9668K, committed 9728K, reserved 516096K
}
Event: 25.425 GC heap before
{Heap before GC invocations=16 (full 0):
 garbage-first heap   total 173056K, used 130134K [0x0000000080000000, 0x0000000100000000)
  region size 1024K, 83 young (84992K), 8 survivors (8192K)
 Metaspace       used 72830K, capacity 75066K, committed 75272K, reserved 581632K
  class space    used 9503K, capacity 10438K, committed 10496K, reserved 516096K
}
Event: 25.443 GC heap after
{Heap after GC invocations=17 (full 0):
 garbage-first heap   total 173056K, used 61369K [0x0000000080000000, 0x0000000100000000)
  region size 1024K, 11 young (11264K), 11 survivors (11264K)
 Metaspace       used 72830K, capacity 75066K, committed 75272K, reserved 581632K
  class space    used 9503K, capacity 10438K, committed 10496K, reserved 516096K
}
Event: 26.469 GC heap before
{Heap before GC invocations=18 (full 0):
 garbage-first heap   total 173056K, used 141241K [0x0000000080000000, 0x0000000100000000)
  region size 1024K, 81 young (82944K), 11 survivors (11264K)
 Metaspace       used 79266K, capacity 81585K, committed 81672K, reserved 587776K
  class space    used 10217K, capacity 11219K, committed 11264K, reserved 516096K
}
Event: 26.480 GC heap after
{Heap after GC invocations=19 (full 0):
 garbage-first heap   total 173056K, used 76758K [0x0000000080000000, 0x0000000100000000)
  region size 1024K, 11 young (11264K), 11 survivors (11264K)
 Metaspace       used 79266K, capacity 81585K, committed 81672K, reserved 587776K
  class space    used 10217K, capacity 11219K, committed 11264K, reserved 516096K
}
Event: 27.299 GC heap before
{Heap before GC invocations=19 (full 0):
 garbage-first heap   total 173056K, used 139222K [0x0000000080000000, 0x0000000100000000)
  region size 1024K, 69 young (70656K), 11 survivors (11264K)
 Metaspace       used 83956K, capacity 86420K, committed 86664K, reserved 591872K
  class space    used 10828K, capacity 11816K, committed 11904K, reserved 516096K
}
Event: 27.307 GC heap after
{Heap after GC invocations=20 (full 0):
 garbage-first heap   total 173056K, used 79011K [0x0000000080000000, 0x0000000100000000)
  region size 1024K, 6 young (6144K), 6 survivors (6144K)
 Metaspace       used 83956K, capacity 86420K, committed 86664K, reserved 591872K
  class space    used 10828K, capacity 11816K, committed 11904K, reserved 516096K
}

