# JRE version: OpenJDK Runtime Environment Microsoft-7208460 (11.0.18+10) (build 11.0.18+10-LTS)
# Java VM: OpenJDK 64-Bit Server VM Microsoft-7208460 (11.0.18+10-LTS, mixed mode, tiered, compressed oops, g1 gc, windows-amd64)
Heap:
 garbage-first heap   total 129024K, used 29885K [0x0000000080000000, 0x0000000100000000)
  region size 1024K, 14 young (14336K), 7 survivors (7168K)
 Metaspace       used 37112K, capacity 37996K, committed 38300K, reserved 550912K
  class space    used 4734K, capacity 5070K, committed 5196K, reserved 516096K
GC Heap History (12 events):
Event: 1.199 GC heap before
{Heap before GC invocations=0 (full 0):
 garbage-first heap   total 129024K, used 27648K [0x0000000080000000, 0x0000000100000000)
  region size 1024K, 24 young (24576K), 0 survivors (0K)
 Metaspace       used 9806K, capacity 10024K, committed 10112K, reserved 526336K
  class space    used 999K, capacity 1069K, committed 1152K, reserved 516096K
}
Event: 1.220 GC heap after
{Heap after GC invocations=1 (full 0):
 garbage-first heap   total 129024K, used 10437K [0x0000000080000000, 0x0000000100000000)
  region size 1024K, 3 young (3072K), 3 survivors (3072K)
 Metaspace       used 9806K, capacity 10024K, committed 10112K, reserved 526336K
  class space    used 999K, capacity 1069K, committed 1152K, reserved 516096K
}
Event: 5.350 GC heap before
{Heap before GC invocations=1 (full 0):
 garbage-first heap   total 129024K, used 85189K [0x0000000080000000, 0x0000000100000000)
  region size 1024K, 75 young (76800K), 3 survivors (3072K)
 Metaspace       used 18473K, capacity 18818K, committed 18944K, reserved 534528K
  class space    used 2129K, capacity 2276K, committed 2304K, reserved 516096K
}
Event: 5.369 GC heap after
{Heap after GC invocations=2 (full 0):
 garbage-first heap   total 129024K, used 17874K [0x0000000080000000, 0x0000000100000000)
  region size 1024K, 10 young (10240K), 10 survivors (10240K)
 Metaspace       used 18473K, capacity 18818K, committed 18944K, reserved 534528K
  class space    used 2129K, capacity 2276K, committed 2304K, reserved 516096K
}
Event: 5.763 GC heap before
{Heap before GC invocations=2 (full 0):
 garbage-first heap   total 129024K, used 36306K [0x0000000080000000, 0x0000000100000000)
  region size 1024K, 29 young (29696K), 10 survivors (10240K)
 Metaspace       used 20815K, capacity 21196K, committed 21296K, reserved 536576K
  class space    used 2484K, capacity 2652K, committed 2688K, reserved 516096K
}
Event: 5.774 GC heap after
{Heap after GC invocations=3 (full 0):
 garbage-first heap   total 129024K, used 18211K [0x0000000080000000, 0x0000000100000000)
  region size 1024K, 1 young (1024K), 1 survivors (1024K)
 Metaspace       used 20815K, capacity 21196K, committed 21296K, reserved 536576K
  class space    used 2484K, capacity 2652K, committed 2688K, reserved 516096K
}
Event: 6.594 GC heap before
{Heap before GC invocations=4 (full 0):
 garbage-first heap   total 129024K, used 64291K [0x0000000080000000, 0x0000000100000000)
  region size 1024K, 46 young (47104K), 1 survivors (1024K)
 Metaspace       used 24778K, capacity 25326K, committed 25648K, reserved 538624K
  class space    used 3127K, capacity 3349K, committed 3456K, reserved 516096K
}
Event: 6.596 GC heap after
{Heap after GC invocations=5 (full 0):
 garbage-first heap   total 129024K, used 19715K [0x0000000080000000, 0x0000000100000000)
  region size 1024K, 3 young (3072K), 3 survivors (3072K)
 Metaspace       used 24778K, capacity 25326K, committed 25648K, reserved 538624K
  class space    used 3127K, capacity 3349K, committed 3456K, reserved 516096K
}
Event: 8.072 GC heap before
{Heap before GC invocations=5 (full 0):
 garbage-first heap   total 129024K, used 70915K [0x0000000080000000, 0x0000000100000000)
  region size 1024K, 53 young (54272K), 3 survivors (3072K)
 Metaspace       used 29697K, capacity 30468K, committed 30768K, reserved 542720K
  class space    used 3887K, capacity 4177K, committed 4224K, reserved 516096K
}
Event: 8.076 GC heap after
{Heap after GC invocations=6 (full 0):
 garbage-first heap   total 129024K, used 21582K [0x0000000080000000, 0x0000000100000000)
  region size 1024K, 5 young (5120K), 5 survivors (5120K)
 Metaspace       used 29697K, capacity 30468K, committed 30768K, reserved 542720K
  class space    used 3887K, capacity 4177K, committed 4224K, reserved 516096K
}
Event: 9.068 GC heap before
{Heap before GC invocations=6 (full 0):
 garbage-first heap   total 129024K, used 51278K [0x0000000080000000, 0x0000000100000000)
  region size 1024K, 35 young (35840K), 5 survivors (5120K)
 Metaspace       used 34986K, capacity 35821K, committed 35920K, reserved 548864K
  class space    used 4465K, capacity 4813K, committed 4864K, reserved 516096K
}
Event: 9.080 GC heap after
{Heap after GC invocations=7 (full 0):
 garbage-first heap   total 129024K, used 23741K [0x0000000080000000, 0x0000000100000000)
  region size 1024K, 7 young (7168K), 7 survivors (7168K)
 Metaspace       used 34986K, capacity 35821K, committed 35920K, reserved 548864K
  class space    used 4465K, capacity 4813K, committed 4864K, reserved 516096K
}

