# JRE version: OpenJDK Runtime Environment Microsoft-7208460 (11.0.18+10) (build 11.0.18+10-LTS)
# Java VM: OpenJDK 64-Bit Server VM Microsoft-7208460 (11.0.18+10-LTS, mixed mode, tiered, compressed oops, g1 gc, windows-amd64)
Heap:
 garbage-first heap   total 252928K, used 178748K [0x0000000080000000, 0x0000000100000000)
  region size 1024K, 31 young (31744K), 2 survivors (2048K)
 Metaspace       used 98328K, capacity 102457K, committed 102792K, reserved 606208K
  class space    used 12987K, capacity 14604K, committed 14720K, reserved 516096K
GC Heap History (20 events):
Event: 54.109 GC heap before
{Heap before GC invocations=49 (full 0):
 garbage-first heap   total 155648K, used 125229K [0x0000000080000000, 0x0000000100000000)
  region size 1024K, 9 young (9216K), 1 survivors (1024K)
 Metaspace       used 94279K, capacity 97603K, committed 97672K, reserved 602112K
  class space    used 12400K, capacity 13696K, committed 13696K, reserved 516096K
}
Event: 54.111 GC heap after
{Heap after GC invocations=50 (full 0):
 garbage-first heap   total 155648K, used 117277K [0x0000000080000000, 0x0000000100000000)
  region size 1024K, 1 young (1024K), 1 survivors (1024K)
 Metaspace       used 94279K, capacity 97603K, committed 97672K, reserved 602112K
  class space    used 12400K, capacity 13696K, committed 13696K, reserved 516096K
}
Event: 54.179 GC heap before
{Heap before GC invocations=50 (full 0):
 garbage-first heap   total 155648K, used 121373K [0x0000000080000000, 0x0000000100000000)
  region size 1024K, 6 young (6144K), 1 survivors (1024K)
 Metaspace       used 94323K, capacity 97687K, committed 98056K, reserved 602112K
  class space    used 12403K, capacity 13700K, committed 13824K, reserved 516096K
}
Event: 54.184 GC heap after
{Heap after GC invocations=51 (full 0):
 garbage-first heap   total 155648K, used 118052K [0x0000000080000000, 0x0000000100000000)
  region size 1024K, 2 young (2048K), 2 survivors (2048K)
 Metaspace       used 94323K, capacity 97687K, committed 98056K, reserved 602112K
  class space    used 12403K, capacity 13700K, committed 13824K, reserved 516096K
}
Event: 54.485 GC heap before
{Heap before GC invocations=52 (full 0):
 garbage-first heap   total 155648K, used 129228K [0x0000000080000000, 0x0000000100000000)
  region size 1024K, 9 young (9216K), 2 survivors (2048K)
 Metaspace       used 94323K, capacity 97687K, committed 98056K, reserved 602112K
  class space    used 12403K, capacity 13700K, committed 13824K, reserved 516096K
}
Event: 54.491 GC heap after
{Heap after GC invocations=53 (full 0):
 garbage-first heap   total 155648K, used 128831K [0x0000000080000000, 0x0000000100000000)
  region size 1024K, 2 young (2048K), 2 survivors (2048K)
 Metaspace       used 94323K, capacity 97687K, committed 98056K, reserved 602112K
  class space    used 12403K, capacity 13700K, committed 13824K, reserved 516096K
}
Event: 54.638 GC heap before
{Heap before GC invocations=53 (full 0):
 garbage-first heap   total 155648K, used 134975K [0x0000000080000000, 0x0000000100000000)
  region size 1024K, 7 young (7168K), 2 survivors (2048K)
 Metaspace       used 94529K, capacity 97938K, committed 98056K, reserved 602112K
  class space    used 12438K, capacity 13741K, committed 13824K, reserved 516096K
}
Event: 54.642 GC heap after
{Heap after GC invocations=54 (full 0):
 garbage-first heap   total 187392K, used 132513K [0x0000000080000000, 0x0000000100000000)
  region size 1024K, 1 young (1024K), 1 survivors (1024K)
 Metaspace       used 94529K, capacity 97938K, committed 98056K, reserved 602112K
  class space    used 12438K, capacity 13741K, committed 13824K, reserved 516096K
}
Event: 54.898 GC heap before
{Heap before GC invocations=55 (full 0):
 garbage-first heap   total 187392K, used 146849K [0x0000000080000000, 0x0000000100000000)
  region size 1024K, 16 young (16384K), 1 survivors (1024K)
 Metaspace       used 95596K, capacity 99039K, committed 99208K, reserved 602112K
  class space    used 12562K, capacity 13871K, committed 13952K, reserved 516096K
}
Event: 54.900 GC heap after
{Heap after GC invocations=56 (full 0):
 garbage-first heap   total 187392K, used 133209K [0x0000000080000000, 0x0000000100000000)
  region size 1024K, 2 young (2048K), 2 survivors (2048K)
 Metaspace       used 95596K, capacity 99039K, committed 99208K, reserved 602112K
  class space    used 12562K, capacity 13871K, committed 13952K, reserved 516096K
}
Event: 55.067 GC heap before
{Heap before GC invocations=56 (full 0):
 garbage-first heap   total 187392K, used 149593K [0x0000000080000000, 0x0000000100000000)
  region size 1024K, 18 young (18432K), 2 survivors (2048K)
 Metaspace       used 96019K, capacity 99493K, committed 99592K, reserved 602112K
  class space    used 12635K, capacity 13983K, committed 14080K, reserved 516096K
}
Event: 55.073 GC heap after
{Heap after GC invocations=57 (full 0):
 garbage-first heap   total 187392K, used 134459K [0x0000000080000000, 0x0000000100000000)
  region size 1024K, 2 young (2048K), 2 survivors (2048K)
 Metaspace       used 96019K, capacity 99493K, committed 99592K, reserved 602112K
  class space    used 12635K, capacity 13983K, committed 14080K, reserved 516096K
}
Event: 55.439 GC heap before
{Heap before GC invocations=58 (full 0):
 garbage-first heap   total 187392K, used 150843K [0x0000000080000000, 0x0000000100000000)
  region size 1024K, 18 young (18432K), 2 survivors (2048K)
 Metaspace       used 96686K, capacity 100036K, committed 100104K, reserved 604160K
  class space    used 12723K, capacity 14055K, committed 14080K, reserved 516096K
}
Event: 55.445 GC heap after
{Heap after GC invocations=59 (full 0):
 garbage-first heap   total 187392K, used 136161K [0x0000000080000000, 0x0000000100000000)
  region size 1024K, 3 young (3072K), 3 survivors (3072K)
 Metaspace       used 96686K, capacity 100036K, committed 100104K, reserved 604160K
  class space    used 12723K, capacity 14055K, committed 14080K, reserved 516096K
}
Event: 55.732 GC heap before
{Heap before GC invocations=59 (full 0):
 garbage-first heap   total 187392K, used 152545K [0x0000000080000000, 0x0000000100000000)
  region size 1024K, 19 young (19456K), 3 survivors (3072K)
 Metaspace       used 97115K, capacity 100692K, committed 100744K, reserved 604160K
  class space    used 12784K, capacity 14207K, committed 14208K, reserved 516096K
}
Event: 55.745 GC heap after
{Heap after GC invocations=60 (full 0):
 garbage-first heap   total 187392K, used 140900K [0x0000000080000000, 0x0000000100000000)
  region size 1024K, 3 young (3072K), 3 survivors (3072K)
 Metaspace       used 97115K, capacity 100692K, committed 100744K, reserved 604160K
  class space    used 12784K, capacity 14207K, committed 14208K, reserved 516096K
}
Event: 56.187 GC heap before
{Heap before GC invocations=61 (full 0):
 garbage-first heap   total 187392K, used 156260K [0x0000000080000000, 0x0000000100000000)
  region size 1024K, 18 young (18432K), 3 survivors (3072K)
 Metaspace       used 97453K, capacity 101287K, committed 101512K, reserved 604160K
  class space    used 12834K, capacity 14346K, committed 14464K, reserved 516096K
}
Event: 56.201 GC heap after
{Heap after GC invocations=62 (full 0):
 garbage-first heap   total 252928K, used 145681K [0x0000000080000000, 0x0000000100000000)
  region size 1024K, 3 young (3072K), 3 survivors (3072K)
 Metaspace       used 97453K, capacity 101287K, committed 101512K, reserved 604160K
  class space    used 12834K, capacity 14346K, committed 14464K, reserved 516096K
}
Event: 56.547 GC heap before
{Heap before GC invocations=62 (full 0):
 garbage-first heap   total 252928K, used 160017K [0x0000000080000000, 0x0000000100000000)
  region size 1024K, 18 young (18432K), 3 survivors (3072K)
 Metaspace       used 97587K, capacity 101512K, committed 101768K, reserved 604160K
  class space    used 12842K, capacity 14354K, committed 14464K, reserved 516096K
}
Event: 56.560 GC heap after
{Heap after GC invocations=63 (full 0):
 garbage-first heap   total 252928K, used 147004K [0x0000000080000000, 0x0000000100000000)
  region size 1024K, 2 young (2048K), 2 survivors (2048K)
 Metaspace       used 97587K, capacity 101512K, committed 101768K, reserved 604160K
  class space    used 12842K, capacity 14354K, committed 14464K, reserved 516096K
}

