# JRE version: OpenJDK Runtime Environment Microsoft-7208460 (11.0.18+10) (build 11.0.18+10-LTS)
# Java VM: OpenJDK 64-Bit Server VM Microsoft-7208460 (11.0.18+10-LTS, mixed mode, tiered, compressed oops, g1 gc, windows-amd64)
Heap:
 garbage-first heap   total 129024K, used 30748K [0x0000000080000000, 0x0000000100000000)
  region size 1024K, 14 young (14336K), 6 survivors (6144K)
 Metaspace       used 37215K, capacity 38066K, committed 38224K, reserved 550912K
  class space    used 4742K, capacity 5072K, committed 5120K, reserved 516096K
GC Heap History (12 events):
Event: 1.177 GC heap before
{Heap before GC invocations=0 (full 0):
 garbage-first heap   total 129024K, used 27648K [0x0000000080000000, 0x0000000100000000)
  region size 1024K, 24 young (24576K), 0 survivors (0K)
 Metaspace       used 9798K, capacity 10024K, committed 10112K, reserved 526336K
  class space    used 999K, capacity 1069K, committed 1152K, reserved 516096K
}
Event: 1.254 GC heap after
{Heap after GC invocations=1 (full 0):
 garbage-first heap   total 129024K, used 10441K [0x0000000080000000, 0x0000000100000000)
  region size 1024K, 3 young (3072K), 3 survivors (3072K)
 Metaspace       used 9798K, capacity 10024K, committed 10112K, reserved 526336K
  class space    used 999K, capacity 1069K, committed 1152K, reserved 516096K
}
Event: 5.361 GC heap before
{Heap before GC invocations=1 (full 0):
 garbage-first heap   total 129024K, used 84169K [0x0000000080000000, 0x0000000100000000)
  region size 1024K, 75 young (76800K), 3 survivors (3072K)
 Metaspace       used 18409K, capacity 18786K, committed 18944K, reserved 534528K
  class space    used 2126K, capacity 2244K, committed 2304K, reserved 516096K
}
Event: 5.395 GC heap after
{Heap after GC invocations=2 (full 0):
 garbage-first heap   total 129024K, used 17380K [0x0000000080000000, 0x0000000100000000)
  region size 1024K, 10 young (10240K), 10 survivors (10240K)
 Metaspace       used 18409K, capacity 18786K, committed 18944K, reserved 534528K
  class space    used 2126K, capacity 2244K, committed 2304K, reserved 516096K
}
Event: 5.767 GC heap before
{Heap before GC invocations=2 (full 0):
 garbage-first heap   total 129024K, used 36836K [0x0000000080000000, 0x0000000100000000)
  region size 1024K, 30 young (30720K), 10 survivors (10240K)
 Metaspace       used 20798K, capacity 21196K, committed 21296K, reserved 536576K
  class space    used 2485K, capacity 2652K, committed 2688K, reserved 516096K
}
Event: 5.777 GC heap after
{Heap after GC invocations=3 (full 0):
 garbage-first heap   total 129024K, used 18184K [0x0000000080000000, 0x0000000100000000)
  region size 1024K, 1 young (1024K), 1 survivors (1024K)
 Metaspace       used 20798K, capacity 21196K, committed 21296K, reserved 536576K
  class space    used 2485K, capacity 2652K, committed 2688K, reserved 516096K
}
Event: 6.833 GC heap before
{Heap before GC invocations=4 (full 0):
 garbage-first heap   total 129024K, used 69384K [0x0000000080000000, 0x0000000100000000)
  region size 1024K, 51 young (52224K), 1 survivors (1024K)
 Metaspace       used 25426K, capacity 26013K, committed 26160K, reserved 540672K
  class space    used 3229K, capacity 3451K, committed 3456K, reserved 516096K
}
Event: 6.838 GC heap after
{Heap after GC invocations=5 (full 0):
 garbage-first heap   total 129024K, used 20040K [0x0000000080000000, 0x0000000100000000)
  region size 1024K, 3 young (3072K), 3 survivors (3072K)
 Metaspace       used 25426K, capacity 26013K, committed 26160K, reserved 540672K
  class space    used 3229K, capacity 3451K, committed 3456K, reserved 516096K
}
Event: 8.286 GC heap before
{Heap before GC invocations=5 (full 0):
 garbage-first heap   total 129024K, used 76360K [0x0000000080000000, 0x0000000100000000)
  region size 1024K, 58 young (59392K), 3 survivors (3072K)
 Metaspace       used 30718K, capacity 31444K, committed 31664K, reserved 544768K
  class space    used 4042K, capacity 4330K, committed 4352K, reserved 516096K
}
Event: 8.291 GC heap after
{Heap after GC invocations=6 (full 0):
 garbage-first heap   total 129024K, used 21645K [0x0000000080000000, 0x0000000100000000)
  region size 1024K, 5 young (5120K), 5 survivors (5120K)
 Metaspace       used 30718K, capacity 31444K, committed 31664K, reserved 544768K
  class space    used 4042K, capacity 4330K, committed 4352K, reserved 516096K
}
Event: 9.000 GC heap before
{Heap before GC invocations=6 (full 0):
 garbage-first heap   total 129024K, used 41101K [0x0000000080000000, 0x0000000100000000)
  region size 1024K, 25 young (25600K), 5 survivors (5120K)
 Metaspace       used 34988K, capacity 35821K, committed 35920K, reserved 548864K
  class space    used 4461K, capacity 4813K, committed 4864K, reserved 516096K
}
Event: 9.015 GC heap after
{Heap after GC invocations=7 (full 0):
 garbage-first heap   total 129024K, used 23580K [0x0000000080000000, 0x0000000100000000)
  region size 1024K, 6 young (6144K), 6 survivors (6144K)
 Metaspace       used 34988K, capacity 35821K, committed 35920K, reserved 548864K
  class space    used 4461K, capacity 4813K, committed 4864K, reserved 516096K
}

