# JRE version: OpenJDK Runtime Environment Microsoft-7208460 (11.0.18+10) (build 11.0.18+10-LTS)
# Java VM: OpenJDK 64-Bit Server VM Microsoft-7208460 (11.0.18+10-LTS, mixed mode, tiered, compressed oops, g1 gc, windows-amd64)
Heap:
 garbage-first heap   total 129024K, used 46002K [0x0000000080000000, 0x0000000100000000)
  region size 1024K, 29 young (29696K), 4 survivors (4096K)
 Metaspace       used 33469K, capacity 34258K, committed 34352K, reserved 546816K
  class space    used 4357K, capacity 4676K, committed 4736K, reserved 516096K
GC Heap History (10 events):
Event: 1.298 GC heap before
{Heap before GC invocations=0 (full 0):
 garbage-first heap   total 129024K, used 27648K [0x0000000080000000, 0x0000000100000000)
  region size 1024K, 24 young (24576K), 0 survivors (0K)
 Metaspace       used 9794K, capacity 10020K, committed 10112K, reserved 526336K
  class space    used 999K, capacity 1069K, committed 1152K, reserved 516096K
}
Event: 1.347 GC heap after
{Heap after GC invocations=1 (full 0):
 garbage-first heap   total 129024K, used 10438K [0x0000000080000000, 0x0000000100000000)
  region size 1024K, 3 young (3072K), 3 survivors (3072K)
 Metaspace       used 9794K, capacity 10020K, committed 10112K, reserved 526336K
  class space    used 999K, capacity 1069K, committed 1152K, reserved 516096K
}
Event: 5.371 GC heap before
{Heap before GC invocations=1 (full 0):
 garbage-first heap   total 129024K, used 84166K [0x0000000080000000, 0x0000000100000000)
  region size 1024K, 75 young (76800K), 3 survivors (3072K)
 Metaspace       used 18425K, capacity 18782K, committed 18944K, reserved 534528K
  class space    used 2127K, capacity 2244K, committed 2304K, reserved 516096K
}
Event: 5.378 GC heap after
{Heap after GC invocations=2 (full 0):
 garbage-first heap   total 129024K, used 17606K [0x0000000080000000, 0x0000000100000000)
  region size 1024K, 10 young (10240K), 10 survivors (10240K)
 Metaspace       used 18425K, capacity 18782K, committed 18944K, reserved 534528K
  class space    used 2127K, capacity 2244K, committed 2304K, reserved 516096K
}
Event: 5.799 GC heap before
{Heap before GC invocations=2 (full 0):
 garbage-first heap   total 129024K, used 37062K [0x0000000080000000, 0x0000000100000000)
  region size 1024K, 30 young (30720K), 10 survivors (10240K)
 Metaspace       used 20790K, capacity 21192K, committed 21296K, reserved 536576K
  class space    used 2486K, capacity 2652K, committed 2688K, reserved 516096K
}
Event: 5.810 GC heap after
{Heap after GC invocations=3 (full 0):
 garbage-first heap   total 129024K, used 18341K [0x0000000080000000, 0x0000000100000000)
  region size 1024K, 1 young (1024K), 1 survivors (1024K)
 Metaspace       used 20790K, capacity 21192K, committed 21296K, reserved 536576K
  class space    used 2486K, capacity 2652K, committed 2688K, reserved 516096K
}
Event: 6.872 GC heap before
{Heap before GC invocations=4 (full 0):
 garbage-first heap   total 129024K, used 65445K [0x0000000080000000, 0x0000000100000000)
  region size 1024K, 47 young (48128K), 1 survivors (1024K)
 Metaspace       used 24917K, capacity 25495K, committed 25648K, reserved 538624K
  class space    used 3153K, capacity 3386K, committed 3456K, reserved 516096K
}
Event: 6.875 GC heap after
{Heap after GC invocations=5 (full 0):
 garbage-first heap   total 129024K, used 19682K [0x0000000080000000, 0x0000000100000000)
  region size 1024K, 3 young (3072K), 3 survivors (3072K)
 Metaspace       used 24917K, capacity 25495K, committed 25648K, reserved 538624K
  class space    used 3153K, capacity 3386K, committed 3456K, reserved 516096K
}
Event: 8.369 GC heap before
{Heap before GC invocations=5 (full 0):
 garbage-first heap   total 129024K, used 71906K [0x0000000080000000, 0x0000000100000000)
  region size 1024K, 54 young (55296K), 3 survivors (3072K)
 Metaspace       used 29876K, capacity 30602K, committed 30768K, reserved 542720K
  class space    used 3912K, capacity 4180K, committed 4224K, reserved 516096K
}
Event: 8.375 GC heap after
{Heap after GC invocations=6 (full 0):
 garbage-first heap   total 129024K, used 21426K [0x0000000080000000, 0x0000000100000000)
  region size 1024K, 4 young (4096K), 4 survivors (4096K)
 Metaspace       used 29876K, capacity 30602K, committed 30768K, reserved 542720K
  class space    used 3912K, capacity 4180K, committed 4224K, reserved 516096K
}

