# JRE version: OpenJDK Runtime Environment Microsoft-7208460 (11.0.18+10) (build 11.0.18+10-LTS)
# Java VM: OpenJDK 64-Bit Server VM Microsoft-7208460 (11.0.18+10-LTS, mixed mode, tiered, compressed oops, g1 gc, windows-amd64)
Heap:
 garbage-first heap   total 129024K, used 31064K [0x0000000080000000, 0x0000000100000000)
  region size 1024K, 15 young (15360K), 7 survivors (7168K)
 Metaspace       used 37298K, capacity 38159K, committed 38224K, reserved 555008K
  class space    used 4751K, capacity 5103K, committed 5120K, reserved 516096K
GC Heap History (12 events):
Event: 0.898 GC heap before
{Heap before GC invocations=0 (full 0):
 garbage-first heap   total 129024K, used 27648K [0x0000000080000000, 0x0000000100000000)
  region size 1024K, 24 young (24576K), 0 survivors (0K)
 Metaspace       used 9783K, capacity 9960K, committed 10112K, reserved 526336K
  class space    used 999K, capacity 1069K, committed 1152K, reserved 516096K
}
Event: 0.906 GC heap after
{Heap after GC invocations=1 (full 0):
 garbage-first heap   total 129024K, used 10203K [0x0000000080000000, 0x0000000100000000)
  region size 1024K, 3 young (3072K), 3 survivors (3072K)
 Metaspace       used 9783K, capacity 9960K, committed 10112K, reserved 526336K
  class space    used 999K, capacity 1069K, committed 1152K, reserved 516096K
}
Event: 4.529 GC heap before
{Heap before GC invocations=1 (full 0):
 garbage-first heap   total 129024K, used 83931K [0x0000000080000000, 0x0000000100000000)
  region size 1024K, 75 young (76800K), 3 survivors (3072K)
 Metaspace       used 18415K, capacity 18786K, committed 18944K, reserved 534528K
  class space    used 2127K, capacity 2244K, committed 2304K, reserved 516096K
}
Event: 4.539 GC heap after
{Heap after GC invocations=2 (full 0):
 garbage-first heap   total 129024K, used 17624K [0x0000000080000000, 0x0000000100000000)
  region size 1024K, 10 young (10240K), 10 survivors (10240K)
 Metaspace       used 18415K, capacity 18786K, committed 18944K, reserved 534528K
  class space    used 2127K, capacity 2244K, committed 2304K, reserved 516096K
}
Event: 4.937 GC heap before
{Heap before GC invocations=2 (full 0):
 garbage-first heap   total 129024K, used 37080K [0x0000000080000000, 0x0000000100000000)
  region size 1024K, 30 young (30720K), 10 survivors (10240K)
 Metaspace       used 20823K, capacity 21196K, committed 21296K, reserved 536576K
  class space    used 2489K, capacity 2652K, committed 2688K, reserved 516096K
}
Event: 4.947 GC heap after
{Heap after GC invocations=3 (full 0):
 garbage-first heap   total 129024K, used 18807K [0x0000000080000000, 0x0000000100000000)
  region size 1024K, 2 young (2048K), 2 survivors (2048K)
 Metaspace       used 20823K, capacity 21196K, committed 21296K, reserved 536576K
  class space    used 2489K, capacity 2652K, committed 2688K, reserved 516096K
}
Event: 5.713 GC heap before
{Heap before GC invocations=4 (full 0):
 garbage-first heap   total 129024K, used 63863K [0x0000000080000000, 0x0000000100000000)
  region size 1024K, 47 young (48128K), 2 survivors (2048K)
 Metaspace       used 24818K, capacity 25394K, committed 25648K, reserved 538624K
  class space    used 3135K, capacity 3351K, committed 3456K, reserved 516096K
}
Event: 5.715 GC heap after
{Heap after GC invocations=5 (full 0):
 garbage-first heap   total 129024K, used 19999K [0x0000000080000000, 0x0000000100000000)
  region size 1024K, 3 young (3072K), 3 survivors (3072K)
 Metaspace       used 24818K, capacity 25394K, committed 25648K, reserved 538624K
  class space    used 3135K, capacity 3351K, committed 3456K, reserved 516096K
}
Event: 7.245 GC heap before
{Heap before GC invocations=5 (full 0):
 garbage-first heap   total 129024K, used 73247K [0x0000000080000000, 0x0000000100000000)
  region size 1024K, 55 young (56320K), 3 survivors (3072K)
 Metaspace       used 29956K, capacity 30734K, committed 30896K, reserved 542720K
  class space    used 3929K, capacity 4244K, committed 4352K, reserved 516096K
}
Event: 7.248 GC heap after
{Heap after GC invocations=6 (full 0):
 garbage-first heap   total 129024K, used 21798K [0x0000000080000000, 0x0000000100000000)
  region size 1024K, 5 young (5120K), 5 survivors (5120K)
 Metaspace       used 29956K, capacity 30734K, committed 30896K, reserved 542720K
  class space    used 3929K, capacity 4244K, committed 4352K, reserved 516096K
}
Event: 9.834 GC heap before
{Heap before GC invocations=6 (full 0):
 garbage-first heap   total 129024K, used 48422K [0x0000000080000000, 0x0000000100000000)
  region size 1024K, 32 young (32768K), 5 survivors (5120K)
 Metaspace       used 35007K, capacity 35850K, committed 35920K, reserved 548864K
  class space    used 4481K, capacity 4844K, committed 4864K, reserved 516096K
}
Event: 9.845 GC heap after
{Heap after GC invocations=7 (full 0):
 garbage-first heap   total 129024K, used 23896K [0x0000000080000000, 0x0000000100000000)
  region size 1024K, 7 young (7168K), 7 survivors (7168K)
 Metaspace       used 35007K, capacity 35850K, committed 35920K, reserved 548864K
  class space    used 4481K, capacity 4844K, committed 4864K, reserved 516096K
}

